<?xml version="1.0" encoding="UTF-8"?>
<testsuite xmlns:xsi="http://www.w3.org/2001/XMLSchema-instance" xsi:noNamespaceSchemaLocation="https://maven.apache.org/surefire/maven-surefire-plugin/xsd/surefire-test-report.xsd" name="com.example.students.controller.StudentRestControllerTest" time="6.081" tests="5" errors="0" skipped="0" failures="0">
  <properties>
[...]
</properties>
  <testcase name="testHello" classname="com.example.students.controller.StudentRestControllerTest" time="0.22"/>
  <testcase name="testValidationOfStudents" classname="com.example.students.controller.StudentRestControllerTest" time="0.125"/>
  <testcase name="testResponseFromHello" classname="com.example.students.controller.StudentRestControllerTest" time="0.008"/>
  <testcase name="testValuesFromStudents" classname="com.example.students.controller.StudentRestControllerTest" time="0.143"/>
  <testcase name="testHello2" classname="com.example.students.controller.StudentRestControllerTest" time="0.025"/>
</testsuite>